<?xml version="1.0" encoding="UTF-8"?>
<testng-results skipped="0" failed="0" total="6" passed="6">
  <reporter-output>
  </reporter-output>
  <suite name="generic" duration-ms="46312" started-at="2019-07-31T05:47:34Z" finished-at="2019-07-31T05:48:21Z">
    <groups>
    </groups>
    <test name="faceBook" duration-ms="46312" started-at="2019-07-31T05:47:34Z" finished-at="2019-07-31T05:48:21Z">
      <class name="com.imaginea.corridortaskJen.CorridorFeatures">
        <test-method status="PASS" signature="propertyFileload()[pri:0, instance:com.imaginea.corridortaskJen.CorridorFeatures@4cc0edeb]" name="propertyFileload" is-config="true" duration-ms="8" started-at="2019-07-31T11:17:34Z" finished-at="2019-07-31T11:17:34Z">
          <reporter-output>
          </reporter-output>
        </test-method> <!-- propertyFileload -->
        <test-method status="PASS" signature="mainDriverForChrome(java.lang.String)[pri:0, instance:com.imaginea.corridortaskJen.CorridorFeatures@4cc0edeb]" name="mainDriverForChrome" duration-ms="4525" started-at="2019-07-31T11:17:34Z" finished-at="2019-07-31T11:17:39Z">
          <params>
            <param index="0">
              <value>
                <![CDATA[chrome]]>
              </value>
            </param>
          </params>
          <reporter-output>
          </reporter-output>
        </test-method> <!-- mainDriverForChrome -->
        <test-method status="PASS" signature="tearDown(org.testng.ITestResult)[pri:0, instance:com.imaginea.corridortaskJen.CorridorFeatures@4cc0edeb]" name="tearDown" is-config="true" duration-ms="0" started-at="2019-07-31T11:17:39Z" finished-at="2019-07-31T11:17:39Z">
          <params>
            <param index="0">
              <value>
                <![CDATA[[TestResult name=mainDriverForChrome status=SUCCESS method=BaseCode.mainDriverForChrome(java.lang.String)[pri:0, instance:com.imaginea.corridortaskJen.CorridorFeatures@4cc0edeb] output={null}]]]>
              </value>
            </param>
          </params>
          <reporter-output>
          </reporter-output>
        </test-method> <!-- tearDown -->
        <test-method status="PASS" signature="propertyFileload()[pri:0, instance:com.imaginea.corridortaskJen.CorridorFeatures@4cc0edeb]" name="propertyFileload" is-config="true" duration-ms="1" started-at="2019-07-31T11:17:39Z" finished-at="2019-07-31T11:17:39Z">
          <reporter-output>
          </reporter-output>
        </test-method> <!-- propertyFileload -->
        <test-method status="PASS" signature="HolidayList()[pri:0, instance:com.imaginea.corridortaskJen.CorridorFeatures@4cc0edeb]" name="HolidayList" duration-ms="7423" started-at="2019-07-31T11:17:39Z" finished-at="2019-07-31T11:17:46Z">
          <reporter-output>
          </reporter-output>
        </test-method> <!-- HolidayList -->
        <test-method status="PASS" signature="tearDown(org.testng.ITestResult)[pri:0, instance:com.imaginea.corridortaskJen.CorridorFeatures@4cc0edeb]" name="tearDown" is-config="true" duration-ms="0" started-at="2019-07-31T11:17:46Z" finished-at="2019-07-31T11:17:46Z">
          <params>
            <param index="0">
              <value>
                <![CDATA[[TestResult name=HolidayList status=SUCCESS method=CorridorFeatures.HolidayList()[pri:0, instance:com.imaginea.corridortaskJen.CorridorFeatures@4cc0edeb] output={null}]]]>
              </value>
            </param>
          </params>
          <reporter-output>
          </reporter-output>
        </test-method> <!-- tearDown -->
        <test-method status="PASS" signature="propertyFileload()[pri:0, instance:com.imaginea.corridortaskJen.CorridorFeatures@4cc0edeb]" name="propertyFileload" is-config="true" duration-ms="0" started-at="2019-07-31T11:17:46Z" finished-at="2019-07-31T11:17:46Z">
          <reporter-output>
          </reporter-output>
        </test-method> <!-- propertyFileload -->
        <test-method status="PASS" signature="letsMeet()[pri:0, instance:com.imaginea.corridortaskJen.CorridorFeatures@4cc0edeb]" name="letsMeet" duration-ms="4170" started-at="2019-07-31T11:17:46Z" finished-at="2019-07-31T11:17:50Z">
          <reporter-output>
          </reporter-output>
        </test-method> <!-- letsMeet -->
        <test-method status="PASS" signature="tearDown(org.testng.ITestResult)[pri:0, instance:com.imaginea.corridortaskJen.CorridorFeatures@4cc0edeb]" name="tearDown" is-config="true" duration-ms="1" started-at="2019-07-31T11:17:50Z" finished-at="2019-07-31T11:17:50Z">
          <params>
            <param index="0">
              <value>
                <![CDATA[[TestResult name=letsMeet status=SUCCESS method=CorridorFeatures.letsMeet()[pri:0, instance:com.imaginea.corridortaskJen.CorridorFeatures@4cc0edeb] output={null}]]]>
              </value>
            </param>
          </params>
          <reporter-output>
          </reporter-output>
        </test-method> <!-- tearDown -->
        <test-method status="PASS" signature="propertyFileload()[pri:0, instance:com.imaginea.corridortaskJen.CorridorFeatures@4cc0edeb]" name="propertyFileload" is-config="true" duration-ms="0" started-at="2019-07-31T11:17:50Z" finished-at="2019-07-31T11:17:50Z">
          <reporter-output>
          </reporter-output>
        </test-method> <!-- propertyFileload -->
        <test-method status="PASS" signature="tearDown(org.testng.ITestResult)[pri:0, instance:com.imaginea.corridortaskJen.CorridorFeatures@4cc0edeb]" name="tearDown" is-config="true" duration-ms="170" started-at="2019-07-31T11:17:54Z" finished-at="2019-07-31T11:17:54Z">
          <params>
            <param index="0">
              <value>
                <![CDATA[[TestResult name=profileLaunch status=FAILURE method=CorridorFeatures.profileLaunch()[pri:0, instance:com.imaginea.corridortaskJen.CorridorFeatures@4cc0edeb] output={null}]]]>
              </value>
            </param>
          </params>
          <reporter-output>
          </reporter-output>
        </test-method> <!-- tearDown -->
        <test-method status="PASS" signature="profileLaunch()[pri:0, instance:com.imaginea.corridortaskJen.CorridorFeatures@4cc0edeb]" name="profileLaunch" duration-ms="6948" started-at="2019-07-31T11:17:54Z" finished-at="2019-07-31T11:18:01Z">
          <reporter-output>
          </reporter-output>
        </test-method> <!-- profileLaunch -->
        <test-method status="PASS" signature="propertyFileload()[pri:0, instance:com.imaginea.corridortaskJen.CorridorFeatures@4cc0edeb]" name="propertyFileload" is-config="true" duration-ms="0" started-at="2019-07-31T11:17:54Z" finished-at="2019-07-31T11:17:54Z">
          <reporter-output>
          </reporter-output>
        </test-method> <!-- propertyFileload -->
        <test-method status="PASS" signature="propertyFileload()[pri:0, instance:com.imaginea.corridortaskJen.CorridorFeatures@4cc0edeb]" name="propertyFileload" is-config="true" duration-ms="1" started-at="2019-07-31T11:18:01Z" finished-at="2019-07-31T11:18:01Z">
          <reporter-output>
          </reporter-output>
        </test-method> <!-- propertyFileload -->
        <test-method status="PASS" signature="tearDown(org.testng.ITestResult)[pri:0, instance:com.imaginea.corridortaskJen.CorridorFeatures@4cc0edeb]" name="tearDown" is-config="true" duration-ms="0" started-at="2019-07-31T11:18:01Z" finished-at="2019-07-31T11:18:01Z">
          <params>
            <param index="0">
              <value>
                <![CDATA[[TestResult name=profileLaunch status=SUCCESS method=CorridorFeatures.profileLaunch()[pri:0, instance:com.imaginea.corridortaskJen.CorridorFeatures@4cc0edeb] output={null}]]]>
              </value>
            </param>
          </params>
          <reporter-output>
          </reporter-output>
        </test-method> <!-- tearDown -->
        <test-method status="PASS" signature="TripToPlan()[pri:0, instance:com.imaginea.corridortaskJen.CorridorFeatures@4cc0edeb]" name="TripToPlan" duration-ms="4582" started-at="2019-07-31T11:18:01Z" finished-at="2019-07-31T11:18:06Z">
          <reporter-output>
          </reporter-output>
        </test-method> <!-- TripToPlan -->
        <test-method status="PASS" signature="tearDown(org.testng.ITestResult)[pri:0, instance:com.imaginea.corridortaskJen.CorridorFeatures@4cc0edeb]" name="tearDown" is-config="true" duration-ms="2" started-at="2019-07-31T11:18:06Z" finished-at="2019-07-31T11:18:06Z">
          <params>
            <param index="0">
              <value>
                <![CDATA[[TestResult name=TripToPlan status=SUCCESS method=CorridorFeatures.TripToPlan()[pri:0, instance:com.imaginea.corridortaskJen.CorridorFeatures@4cc0edeb] output={null}]]]>
              </value>
            </param>
          </params>
          <reporter-output>
          </reporter-output>
        </test-method> <!-- tearDown -->
        <test-method status="PASS" signature="propertyFileload()[pri:0, instance:com.imaginea.corridortaskJen.CorridorFeatures@4cc0edeb]" name="propertyFileload" is-config="true" duration-ms="1" started-at="2019-07-31T11:18:06Z" finished-at="2019-07-31T11:18:06Z">
          <reporter-output>
          </reporter-output>
        </test-method> <!-- propertyFileload -->
        <test-method status="PASS" signature="phoneBook()[pri:0, instance:com.imaginea.corridortaskJen.CorridorFeatures@4cc0edeb]" name="phoneBook" duration-ms="14827" started-at="2019-07-31T11:18:06Z" finished-at="2019-07-31T11:18:21Z">
          <reporter-output>
          </reporter-output>
        </test-method> <!-- phoneBook -->
        <test-method status="PASS" signature="tearDown(org.testng.ITestResult)[pri:0, instance:com.imaginea.corridortaskJen.CorridorFeatures@4cc0edeb]" name="tearDown" is-config="true" duration-ms="0" started-at="2019-07-31T11:18:21Z" finished-at="2019-07-31T11:18:21Z">
          <params>
            <param index="0">
              <value>
                <![CDATA[[TestResult name=phoneBook status=SUCCESS method=CorridorFeatures.phoneBook()[pri:0, instance:com.imaginea.corridortaskJen.CorridorFeatures@4cc0edeb] output={null}]]]>
              </value>
            </param>
          </params>
          <reporter-output>
          </reporter-output>
        </test-method> <!-- tearDown -->
      </class> <!-- com.imaginea.corridortaskJen.CorridorFeatures -->
    </test> <!-- faceBook -->
  </suite> <!-- generic -->
</testng-results>
